This is pdfTeX, Version 3.141592653-2.6-1.40.24 (TeX Live 2022/MacPorts 2022.62882_2) (preloaded format=pdflatex 2023.1.12)  13 JAN 2023 02:13
entering extended mode
 restricted \write18 enabled.
 %&-line parsing enabled.
**/Users/Marc/Documents/GitHub/Crypto-Currency-Asset-Pricing/basic_maketitle.te
x

(/Users/Marc/Documents/GitHub/Crypto-Currency-Asset-Pricing/basic_maketitle.tex
LaTeX2e <2021-11-15> patch level 1
L3 programming layer <2022-02-24>
(/opt/local/share/texmf-texlive/tex/latex/base/article.cls
Document Class: article 2021/10/04 v1.4n Standard LaTeX document class
(/opt/local/share/texmf-texlive/tex/latex/base/size10.clo
File: size10.clo 2021/10/04 v1.4n Standard LaTeX file (size option)
)
\c@part=\count185
\c@section=\count186
\c@subsection=\count187
\c@subsubsection=\count188
\c@paragraph=\count189
\c@subparagraph=\count190
\c@figure=\count191
\c@table=\count192
\abovecaptionskip=\skip47
\belowcaptionskip=\skip48
\bibindent=\dimen138
)
(/opt/local/share/texmf-texlive/tex/latex/base/fontenc.sty
Package: fontenc 2021/04/29 v2.0v Standard LaTeX package
)
(/opt/local/share/texmf-texlive/tex/latex/base/inputenc.sty
Package: inputenc 2021/02/14 v1.3d Input encoding file
\inpenc@prehook=\toks16
\inpenc@posthook=\toks17
)
(/opt/local/share/texmf-texlive/tex/latex/lm/lmodern.sty
Package: lmodern 2015/05/01 v1.6.1 Latin Modern Fonts
LaTeX Font Info:    Overwriting symbol font `operators' in version `normal'
(Font)                  OT1/cmr/m/n --> OT1/lmr/m/n on input line 22.
LaTeX Font Info:    Overwriting symbol font `letters' in version `normal'
(Font)                  OML/cmm/m/it --> OML/lmm/m/it on input line 23.
LaTeX Font Info:    Overwriting symbol font `symbols' in version `normal'
(Font)                  OMS/cmsy/m/n --> OMS/lmsy/m/n on input line 24.
LaTeX Font Info:    Overwriting symbol font `largesymbols' in version `normal'
(Font)                  OMX/cmex/m/n --> OMX/lmex/m/n on input line 25.
LaTeX Font Info:    Overwriting symbol font `operators' in version `bold'
(Font)                  OT1/cmr/bx/n --> OT1/lmr/bx/n on input line 26.
LaTeX Font Info:    Overwriting symbol font `letters' in version `bold'
(Font)                  OML/cmm/b/it --> OML/lmm/b/it on input line 27.
LaTeX Font Info:    Overwriting symbol font `symbols' in version `bold'
(Font)                  OMS/cmsy/b/n --> OMS/lmsy/b/n on input line 28.
LaTeX Font Info:    Overwriting symbol font `largesymbols' in version `bold'
(Font)                  OMX/cmex/m/n --> OMX/lmex/m/n on input line 29.
LaTeX Font Info:    Overwriting math alphabet `\mathbf' in version `normal'
(Font)                  OT1/cmr/bx/n --> OT1/lmr/bx/n on input line 31.
LaTeX Font Info:    Overwriting math alphabet `\mathsf' in version `normal'
(Font)                  OT1/cmss/m/n --> OT1/lmss/m/n on input line 32.
LaTeX Font Info:    Overwriting math alphabet `\mathit' in version `normal'
(Font)                  OT1/cmr/m/it --> OT1/lmr/m/it on input line 33.
LaTeX Font Info:    Overwriting math alphabet `\mathtt' in version `normal'
(Font)                  OT1/cmtt/m/n --> OT1/lmtt/m/n on input line 34.
LaTeX Font Info:    Overwriting math alphabet `\mathbf' in version `bold'
(Font)                  OT1/cmr/bx/n --> OT1/lmr/bx/n on input line 35.
LaTeX Font Info:    Overwriting math alphabet `\mathsf' in version `bold'
(Font)                  OT1/cmss/bx/n --> OT1/lmss/bx/n on input line 36.
LaTeX Font Info:    Overwriting math alphabet `\mathit' in version `bold'
(Font)                  OT1/cmr/bx/it --> OT1/lmr/bx/it on input line 37.
LaTeX Font Info:    Overwriting math alphabet `\mathtt' in version `bold'
(Font)                  OT1/cmtt/m/n --> OT1/lmtt/m/n on input line 38.
)
(/opt/local/share/texmf-texlive/tex/latex/base/textcomp.sty
Package: textcomp 2020/02/02 v2.0n Standard LaTeX package
)
(/opt/local/share/texmf-texlive/tex/latex/lastpage/lastpage.sty
Package: lastpage 2021/09/03 v1.2n Refers to last page's name (HMM; JPG)
)

! LaTeX Error: Missing \begin{document}.

See the LaTeX manual or LaTeX Companion for explanation.
Type  H <return>  for immediate help.
 ...                                              
                                                  
l.8 \$
      \textbackslash{}begin\{document\}\textbackslash{}begin\{tabular\}\{c|c...

You're in trouble here.  Try typing  <return>  to proceed.
If that doesn't work, type  X <return>  to quit.

LaTeX Font Info:    Trying to load font information for T1+lmr on input line 33
09.
(/opt/local/share/texmf-texlive/tex/latex/lm/t1lmr.fd
File: t1lmr.fd 2015/05/01 v1.6.1 Font defs for Latin Modern
)
(/opt/local/share/texmf-texlive/tex/latex/l3backend/l3backend-pdftex.def
File: l3backend-pdftex.def 2022-02-07 L3 backend support: PDF output (pdfTeX)
\l__color_backend_stack_int=\count193
\l__pdf_internal_box=\box50
)
No file basic_maketitle.aux.
\openout1 = `basic_maketitle.aux'.

LaTeX Font Info:    Checking defaults for OML/cmm/m/it on input line 3309.
LaTeX Font Info:    ... okay on input line 3309.
LaTeX Font Info:    Checking defaults for OMS/cmsy/m/n on input line 3309.
LaTeX Font Info:    ... okay on input line 3309.
LaTeX Font Info:    Checking defaults for OT1/cmr/m/n on input line 3309.
LaTeX Font Info:    ... okay on input line 3309.
LaTeX Font Info:    Checking defaults for T1/cmr/m/n on input line 3309.
LaTeX Font Info:    ... okay on input line 3309.
LaTeX Font Info:    Checking defaults for TS1/cmr/m/n on input line 3309.
LaTeX Font Info:    ... okay on input line 3309.
LaTeX Font Info:    Checking defaults for OMX/cmex/m/n on input line 3309.
LaTeX Font Info:    ... okay on input line 3309.
LaTeX Font Info:    Checking defaults for U/cmr/m/n on input line 3309.
LaTeX Font Info:    ... okay on input line 3309.
Package lastpage Info: Please have a look at the pageslts package at
(lastpage)             https://www.ctan.org/pkg/pageslts
(lastpage)             ! on input line 3309.
[1

{/opt/local/var/db/texmf/fonts/map/pdftex/updmap/pdftex.map}] [2] [3]
[4] [5] [6] [7] [8] [9] [10] [11] [12] [13] [14] [15] [16] [17] [18] [19]
[20] [21] [22] [23] [24] [25] [26] [27] [28] [29] [30] [31] [32] [33] [34]
[35] [36] [37] [38] [39] [40] [41] [42] [43] [44] [45] [46] [47] [48] [49]
[50] [51] [52] [53] [54] [55] [56] [57] [58] [59] [60] [61] [62] [63] [64]
[65] [66] [67] [68] [69] [70] [71] 
AED: lastpage setting LastPage
[72] (./basic_maketitle.aux)

LaTeX Warning: Label(s) may have changed. Rerun to get cross-references right.

 ) 
Here is how much of TeX's memory you used:
 815 strings out of 480228
 14086 string characters out of 5895606
 808878 words of memory out of 5000000
 18831 multiletter control sequences out of 15000+600000
 473012 words of font info for 30 fonts, out of 8000000 for 9000
 14 hyphenation exceptions out of 8191
 34i,5n,39p,379b,107s stack positions out of 10000i,1000n,20000p,200000b,200000s
{/opt/local/share/texmf-texlive/fonts/enc/dvips/lm/lm-ec.enc}{/opt/local/shar
e/texmf-texlive/fonts/enc/dvips/cm-super/cm-super-t1.enc}</opt/local/share/texm
f-texlive/fonts/type1/public/lm/lmr10.pfb></opt/local/share/texmf-texlive/fonts
/type1/public/cm-super/sfrm1000.pfb>
Output written on basic_maketitle.pdf (72 pages, 124006 bytes).
PDF statistics:
 248 PDF objects out of 1000 (max. 8388607)
 168 compressed objects within 2 object streams
 0 named destinations out of 1000 (max. 500000)
 1 words of extra memory for PDF output out of 10000 (max. 10000000)

